<?xml version="1.0" encoding="UTF-8"?>
<!-- Generated by org.testng.reporters.JUnitReportReporter -->
<testsuite hostname="H-5CD825CN2L" failures="0" tests="1" name="day8.GetUser" time="1.242" errors="0" timestamp="2024-12-04T09:50:51 IST" skipped="0">
  <testcase classname="day8.GetUser" name="test_GetUser" time="1.242"/>
</testsuite> <!-- day8.GetUser -->
