<?xml version="1.0" encoding="UTF-8"?>
<!-- Generated by org.testng.reporters.JUnitReportReporter -->
<testsuite hostname="H-5CD825CN2L" failures="0" tests="1" name="Project1.Project1.FakerDataGenerator" time="0.428" errors="0" timestamp="2024-12-03T14:35:04 IST" skipped="0">
  <testcase classname="Project1.Project1.FakerDataGenerator" name="testGenerateDummyData" time="0.428"/>
</testsuite> <!-- Project1.Project1.FakerDataGenerator -->
