<?xml version="1.0" encoding="UTF-8"?>
<!-- Generated by org.testng.reporters.JUnitReportReporter -->
<testsuite hostname="H-5CD825CN2L" failures="0" tests="1" name="day8.CreateUser" time="5.495" errors="0" timestamp="2024-12-04T09:50:51 IST" skipped="0">
  <testcase classname="day8.CreateUser" name="test_createUser" time="5.495"/>
</testsuite> <!-- day8.CreateUser -->
